<?xml version="1.0" encoding="UTF-8" ?>
<testsuite failures="0" time="0.012" errors="0" skipped="0" tests="1" name="com.acn.aia.core.transform.api.AppTest">
  <properties>
    <property name="java.runtime.name" value="Java(TM) SE Runtime Environment"/>
    <property name="sun.boot.library.path" value="C:\jdk1.6.0_27\jre\bin"/>
    <property name="java.vm.version" value="20.2-b06"/>
    <property name="java.vm.vendor" value="Sun Microsystems Inc."/>
    <property name="java.vendor.url" value="http://java.sun.com/"/>
    <property name="path.separator" value=";"/>
    <property name="java.vm.name" value="Java HotSpot(TM) Client VM"/>
    <property name="file.encoding.pkg" value="sun.io"/>
    <property name="user.country" value="US"/>
    <property name="sun.java.launcher" value="SUN_STANDARD"/>
    <property name="sun.os.patch.level" value="Service Pack 1"/>
    <property name="java.vm.specification.name" value="Java Virtual Machine Specification"/>
    <property name="user.dir" value="D:\workspace-indigo-aia\aia-core\aia-core-transform"/>
    <property name="java.runtime.version" value="1.6.0_27-b07"/>
    <property name="java.awt.graphicsenv" value="sun.awt.Win32GraphicsEnvironment"/>
    <property name="basedir" value="D:\workspace-indigo-aia\aia-core\aia-core-transform"/>
    <property name="java.endorsed.dirs" value="C:\jdk1.6.0_27\jre\lib\endorsed"/>
    <property name="os.arch" value="x86"/>
    <property name="surefire.real.class.path" value="D:\workspace-indigo-aia\aia-core\aia-core-transform\target\surefire\surefirebooter531714556863702886.jar"/>
    <property name="java.io.tmpdir" value="C:\Users\fei.zhu\AppData\Local\Temp\"/>
    <property name="line.separator" value="
"/>
    <property name="java.vm.specification.vendor" value="Sun Microsystems Inc."/>
    <property name="user.variant" value=""/>
    <property name="os.name" value="Windows 7"/>
    <property name="sun.jnu.encoding" value="GBK"/>
    <property name="java.library.path" value="C:\jdk1.6.0_27\jre\bin;C:\Windows\Sun\Java\bin;C:\Windows\system32;C:\Windows;C:/jdk1.6.0_27/bin/../jre/bin/client;C:/jdk1.6.0_27/bin/../jre/bin;C:/jdk1.6.0_27/bin/../jre/lib/i386;C:\Program Files\Oracle\VirtualBox;D:\softwares\develop\fuseESB\bnd\pax-runner-1.7.6\bin;D:\apache-maven-3.0.3\bin;C:\jdk1.6.0_27/bin;C:\Windows\system32;C:\Windows;C:\Windows\System32\Wbem;C:\Windows\System32\WindowsPowerShell\v1.0\;D:\eclipse-jee-indigo;;."/>
    <property name="surefire.test.class.path" value="D:\workspace-indigo-aia\aia-core\aia-core-transform\target\test-classes;D:\workspace-indigo-aia\aia-core\aia-core-transform\target\classes;d:\mvn-repo\junit\junit\3.8.1\junit-3.8.1.jar;d:\mvn-repo\org\apache\camel\camel-core\2.8.0-fuse-00-08\camel-core-2.8.0-fuse-00-08.jar;d:\mvn-repo\org\fusesource\commonman\commons-management\1.0\commons-management-1.0.jar;d:\mvn-repo\org\apache\camel\camel-spring\2.8.0-fuse-00-08\camel-spring-2.8.0-fuse-00-08.jar;d:\mvn-repo\org\springframework\spring-context\3.0.5.RELEASE\spring-context-3.0.5.RELEASE.jar;d:\mvn-repo\org\springframework\spring-expression\3.0.5.RELEASE\spring-expression-3.0.5.RELEASE.jar;d:\mvn-repo\org\springframework\spring-asm\3.0.5.RELEASE\spring-asm-3.0.5.RELEASE.jar;d:\mvn-repo\org\springframework\spring-aop\3.0.5.RELEASE\spring-aop-3.0.5.RELEASE.jar;d:\mvn-repo\aopalliance\aopalliance\1.0\aopalliance-1.0.jar;d:\mvn-repo\org\springframework\spring-tx\3.0.5.RELEASE\spring-tx-3.0.5.RELEASE.jar;d:\mvn-repo\org\apache\camel\camel-scala\2.10.4\camel-scala-2.10.4.jar;d:\mvn-repo\org\apache\camel\camel-cxf\2.8.0-fuse-00-08\camel-cxf-2.8.0-fuse-00-08.jar;d:\mvn-repo\org\apache\camel\camel-cxf-transport\2.8.0-fuse-00-08\camel-cxf-transport-2.8.0-fuse-00-08.jar;d:\mvn-repo\org\apache\cxf\cxf-rt-core\2.4.2-fuse-00-08\cxf-rt-core-2.4.2-fuse-00-08.jar;d:\mvn-repo\org\apache\ws\xmlschema\xmlschema-core\2.0\xmlschema-core-2.0.jar;d:\mvn-repo\org\apache\geronimo\specs\geronimo-javamail_1.4_spec\1.7.1\geronimo-javamail_1.4_spec-1.7.1.jar;d:\mvn-repo\org\apache\cxf\cxf-rt-bindings-soap\2.4.2-fuse-00-08\cxf-rt-bindings-soap-2.4.2-fuse-00-08.jar;d:\mvn-repo\org\apache\cxf\cxf-tools-common\2.4.2-fuse-00-08\cxf-tools-common-2.4.2-fuse-00-08.jar;d:\mvn-repo\wsdl4j\wsdl4j\1.6.2\wsdl4j-1.6.2.jar;d:\mvn-repo\org\apache\cxf\cxf-rt-databinding-jaxb\2.4.2-fuse-00-08\cxf-rt-databinding-jaxb-2.4.2-fuse-00-08.jar;d:\mvn-repo\org\apache\cxf\cxf-rt-frontend-jaxrs\2.4.2-fuse-00-08\cxf-rt-frontend-jaxrs-2.4.2-fuse-00-08.jar;d:\mvn-repo\org\apache\cxf\cxf-common-utilities\2.4.2-fuse-00-08\cxf-common-utilities-2.4.2-fuse-00-08.jar;d:\mvn-repo\org\codehaus\woodstox\woodstox-core-asl\4.1.1\woodstox-core-asl-4.1.1.jar;d:\mvn-repo\org\codehaus\woodstox\stax2-api\3.1.1\stax2-api-3.1.1.jar;d:\mvn-repo\org\apache\cxf\cxf-api\2.4.2-fuse-00-08\cxf-api-2.4.2-fuse-00-08.jar;d:\mvn-repo\org\apache\neethi\neethi\3.0.1\neethi-3.0.1.jar;d:\mvn-repo\javax\ws\rs\jsr311-api\1.1.1\jsr311-api-1.1.1.jar;d:\mvn-repo\org\apache\cxf\cxf-rt-bindings-xml\2.4.2-fuse-00-08\cxf-rt-bindings-xml-2.4.2-fuse-00-08.jar;d:\mvn-repo\org\apache\cxf\cxf-rt-transports-http\2.4.2-fuse-00-08\cxf-rt-transports-http-2.4.2-fuse-00-08.jar;d:\mvn-repo\org\apache\cxf\cxf-rt-transports-common\2.4.2-fuse-00-08\cxf-rt-transports-common-2.4.2-fuse-00-08.jar;d:\mvn-repo\org\springframework\spring-web\3.0.6.RELEASE\spring-web-3.0.6.RELEASE.jar;d:\mvn-repo\org\codehaus\jettison\jettison\1.3\jettison-1.3.jar;d:\mvn-repo\org\apache\cxf\cxf-rt-frontend-jaxws\2.4.2-fuse-00-08\cxf-rt-frontend-jaxws-2.4.2-fuse-00-08.jar;d:\mvn-repo\xml-resolver\xml-resolver\1.2\xml-resolver-1.2.jar;d:\mvn-repo\asm\asm\3.3\asm-3.3.jar;d:\mvn-repo\org\apache\cxf\cxf-rt-frontend-simple\2.4.2-fuse-00-08\cxf-rt-frontend-simple-2.4.2-fuse-00-08.jar;d:\mvn-repo\org\apache\cxf\cxf-rt-ws-addr\2.4.2-fuse-00-08\cxf-rt-ws-addr-2.4.2-fuse-00-08.jar;d:\mvn-repo\org\springframework\spring-core\3.0.5.RELEASE\spring-core-3.0.5.RELEASE.jar;d:\mvn-repo\org\springframework\spring-beans\3.0.5.RELEASE\spring-beans-3.0.5.RELEASE.jar;d:\mvn-repo\org\apache\camel\camel-blueprint\2.8.0-fuse-00-08\camel-blueprint-2.8.0-fuse-00-08.jar;d:\mvn-repo\org\apache\camel\camel-core-xml\2.8.0-fuse-00-08\camel-core-xml-2.8.0-fuse-00-08.jar;d:\mvn-repo\org\apache\camel\camel-core-osgi\2.8.0-fuse-00-08\camel-core-osgi-2.8.0-fuse-00-08.jar;d:\mvn-repo\org\apache\aries\blueprint\org.apache.aries.blueprint\0.3\org.apache.aries.blueprint-0.3.jar;d:\mvn-repo\org\apache\aries\org.apache.aries.util\0.3\org.apache.aries.util-0.3.jar;d:\mvn-repo\org\apache\aries\testsupport\org.apache.aries.testsupport.unit\0.3\org.apache.aries.testsupport.unit-0.3.jar;d:\mvn-repo\org\apache\aries\proxy\org.apache.aries.proxy.api\0.3\org.apache.aries.proxy.api-0.3.jar;d:\mvn-repo\org\apache\camel\camel-ftp\2.8.0-fuse-00-08\camel-ftp-2.8.0-fuse-00-08.jar;d:\mvn-repo\com\jcraft\jsch\0.1.44-1\jsch-0.1.44-1.jar;d:\mvn-repo\commons-net\commons-net\2.2\commons-net-2.2.jar;d:\mvn-repo\org\apache\camel\camel-http\2.8.0-fuse-00-08\camel-http-2.8.0-fuse-00-08.jar;d:\mvn-repo\org\apache\geronimo\specs\geronimo-servlet_2.4_spec\1.1.1\geronimo-servlet_2.4_spec-1.1.1.jar;d:\mvn-repo\commons-httpclient\commons-httpclient\3.1\commons-httpclient-3.1.jar;d:\mvn-repo\commons-codec\commons-codec\1.2\commons-codec-1.2.jar;d:\mvn-repo\org\apache\camel\camel-hawtdb\2.8.0-fuse-00-08\camel-hawtdb-2.8.0-fuse-00-08.jar;d:\mvn-repo\org\fusesource\hawtdb\hawtdb\1.5\hawtdb-1.5.jar;d:\mvn-repo\org\fusesource\hawtbuf\hawtbuf\1.2\hawtbuf-1.2.jar;d:\mvn-repo\org\apache\camel\camel-mina\2.8.0-fuse-00-08\camel-mina-2.8.0-fuse-00-08.jar;d:\mvn-repo\org\apache\mina\mina-core\1.1.7\mina-core-1.1.7.jar;d:\mvn-repo\org\apache\camel\camel-jaxb\2.8.0-fuse-00-08\camel-jaxb-2.8.0-fuse-00-08.jar;d:\mvn-repo\javax\xml\bind\jaxb-api\2.1\jaxb-api-2.1.jar;d:\mvn-repo\javax\xml\stream\stax-api\1.0-2\stax-api-1.0-2.jar;d:\mvn-repo\javax\activation\activation\1.1\activation-1.1.jar;d:\mvn-repo\com\sun\xml\bind\jaxb-impl\2.1.13\jaxb-impl-2.1.13.jar;d:\mvn-repo\org\apache\camel\camel-jdbc\2.8.0-fuse-00-08\camel-jdbc-2.8.0-fuse-00-08.jar;d:\mvn-repo\org\apache\camel\camel-quartz\2.8.0-fuse-00-08\camel-quartz-2.8.0-fuse-00-08.jar;d:\mvn-repo\org\quartz-scheduler\quartz\1.8.4\quartz-1.8.4.jar;d:\mvn-repo\javax\transaction\jta\1.1\jta-1.1.jar;d:\mvn-repo\commons-collections\commons-collections\3.2.1\commons-collections-3.2.1.jar;d:\mvn-repo\org\apache\camel\camel-csv\2.8.0-fuse-00-08\camel-csv-2.8.0-fuse-00-08.jar;d:\mvn-repo\org\apache\servicemix\bundles\org.apache.servicemix.bundles.commons-csv\1.0-r706899_3\org.apache.servicemix.bundles.commons-csv-1.0-r706899_3.jar;d:\mvn-repo\org\apache\camel\camel-bindy\2.8.0-fuse-00-08\camel-bindy-2.8.0-fuse-00-08.jar;d:\mvn-repo\org\apache\camel\camel-jackson\2.8.0-fuse-00-08\camel-jackson-2.8.0-fuse-00-08.jar;d:\mvn-repo\org\codehaus\jackson\jackson-mapper-asl\1.8.4\jackson-mapper-asl-1.8.4.jar;d:\mvn-repo\org\codehaus\jackson\jackson-core-asl\1.8.4\jackson-core-asl-1.8.4.jar;d:\mvn-repo\org\apache\camel\camel-jetty\2.8.0-fuse-00-08\camel-jetty-2.8.0-fuse-00-08.jar;d:\mvn-repo\org\eclipse\jetty\jetty-server\7.4.5.v20110725\jetty-server-7.4.5.v20110725.jar;d:\mvn-repo\javax\servlet\servlet-api\2.5\servlet-api-2.5.jar;d:\mvn-repo\org\eclipse\jetty\jetty-continuation\7.4.5.v20110725\jetty-continuation-7.4.5.v20110725.jar;d:\mvn-repo\org\eclipse\jetty\jetty-http\7.4.5.v20110725\jetty-http-7.4.5.v20110725.jar;d:\mvn-repo\org\eclipse\jetty\jetty-io\7.4.5.v20110725\jetty-io-7.4.5.v20110725.jar;d:\mvn-repo\org\eclipse\jetty\jetty-security\7.4.5.v20110725\jetty-security-7.4.5.v20110725.jar;d:\mvn-repo\org\eclipse\jetty\jetty-servlet\7.4.5.v20110725\jetty-servlet-7.4.5.v20110725.jar;d:\mvn-repo\org\eclipse\jetty\jetty-servlets\7.4.5.v20110725\jetty-servlets-7.4.5.v20110725.jar;d:\mvn-repo\org\eclipse\jetty\jetty-util\7.4.5.v20110725\jetty-util-7.4.5.v20110725.jar;d:\mvn-repo\org\eclipse\jetty\jetty-client\7.4.5.v20110725\jetty-client-7.4.5.v20110725.jar;d:\mvn-repo\org\eclipse\jetty\jetty-jmx\7.4.5.v20110725\jetty-jmx-7.4.5.v20110725.jar;d:\mvn-repo\org\apache\camel\camel-jpa\2.8.0-fuse-00-08\camel-jpa-2.8.0-fuse-00-08.jar;d:\mvn-repo\org\springframework\spring-jdbc\3.0.5.RELEASE\spring-jdbc-3.0.5.RELEASE.jar;d:\mvn-repo\org\springframework\spring-orm\3.0.5.RELEASE\spring-orm-3.0.5.RELEASE.jar;d:\mvn-repo\org\apache\camel\camel-velocity\2.8.0-fuse-00-08\camel-velocity-2.8.0-fuse-00-08.jar;d:\mvn-repo\org\apache\velocity\velocity\1.7\velocity-1.7.jar;d:\mvn-repo\commons-lang\commons-lang\2.4\commons-lang-2.4.jar;d:\mvn-repo\org\apache\camel\camel-jms\2.8.0-fuse-00-08\camel-jms-2.8.0-fuse-00-08.jar;d:\mvn-repo\org\springframework\spring-jms\3.0.5.RELEASE\spring-jms-3.0.5.RELEASE.jar;d:\mvn-repo\org\apache\camel\camel-stream\2.8.0-fuse-00-08\camel-stream-2.8.0-fuse-00-08.jar;d:\mvn-repo\org\apache\camel\camel-test\2.8.0-fuse-00-08\camel-test-2.8.0-fuse-00-08.jar;d:\mvn-repo\org\apache\activemq\activemq-core\5.5.1-fuse-08-15\activemq-core-5.5.1-fuse-08-15.jar;d:\mvn-repo\org\apache\geronimo\specs\geronimo-jms_1.1_spec\1.1.1\geronimo-jms_1.1_spec-1.1.1.jar;d:\mvn-repo\org\apache\activemq\activeio-core\3.1.2\activeio-core-3.1.2.jar;d:\mvn-repo\org\apache\activemq\kahadb\5.5.1-fuse-08-15\kahadb-5.5.1-fuse-08-15.jar;d:\mvn-repo\org\apache\activemq\protobuf\activemq-protobuf\1.1\activemq-protobuf-1.1.jar;d:\mvn-repo\org\osgi\org.osgi.core\4.1.0\org.osgi.core-4.1.0.jar;d:\mvn-repo\org\apache\geronimo\specs\geronimo-j2ee-management_1.1_spec\1.0.1\geronimo-j2ee-management_1.1_spec-1.0.1.jar;d:\mvn-repo\org\jasypt\jasypt\1.7\jasypt-1.7.jar;d:\mvn-repo\org\apache\activemq\activemq-camel\5.5.1-fuse-08-15\activemq-camel-5.5.1-fuse-08-15.jar;d:\mvn-repo\org\apache\activemq\activemq-pool\5.5.1-fuse-08-15\activemq-pool-5.5.1-fuse-08-15.jar;d:\mvn-repo\org\apache\geronimo\specs\geronimo-jta_1.0.1B_spec\1.0.1\geronimo-jta_1.0.1B_spec-1.0.1.jar;d:\mvn-repo\commons-pool\commons-pool\1.5.4\commons-pool-1.5.4.jar;d:\mvn-repo\org\apache\xbean\xbean-spring\3.12\xbean-spring-3.12.jar;d:\mvn-repo\commons-logging\commons-logging\1.0.3\commons-logging-1.0.3.jar;d:\mvn-repo\hsqldb\hsqldb\1.8.0.10\hsqldb-1.8.0.10.jar;d:\mvn-repo\org\slf4j\slf4j-api\1.6.6\slf4j-api-1.6.6.jar;d:\mvn-repo\org\slf4j\slf4j-log4j12\1.6.6\slf4j-log4j12-1.6.6.jar;d:\mvn-repo\log4j\log4j\1.2.17\log4j-1.2.17.jar;"/>
    <property name="java.specification.name" value="Java Platform API Specification"/>
    <property name="java.class.version" value="50.0"/>
    <property name="sun.management.compiler" value="HotSpot Client Compiler"/>
    <property name="os.version" value="6.1"/>
    <property name="user.home" value="C:\Users\fei.zhu"/>
    <property name="user.timezone" value=""/>
    <property name="java.awt.printerjob" value="sun.awt.windows.WPrinterJob"/>
    <property name="java.specification.version" value="1.6"/>
    <property name="file.encoding" value="Cp1252"/>
    <property name="user.name" value="fei.zhu"/>
    <property name="java.class.path" value="D:\workspace-indigo-aia\aia-core\aia-core-transform\target\test-classes;D:\workspace-indigo-aia\aia-core\aia-core-transform\target\classes;d:\mvn-repo\junit\junit\3.8.1\junit-3.8.1.jar;d:\mvn-repo\org\apache\camel\camel-core\2.8.0-fuse-00-08\camel-core-2.8.0-fuse-00-08.jar;d:\mvn-repo\org\fusesource\commonman\commons-management\1.0\commons-management-1.0.jar;d:\mvn-repo\org\apache\camel\camel-spring\2.8.0-fuse-00-08\camel-spring-2.8.0-fuse-00-08.jar;d:\mvn-repo\org\springframework\spring-context\3.0.5.RELEASE\spring-context-3.0.5.RELEASE.jar;d:\mvn-repo\org\springframework\spring-expression\3.0.5.RELEASE\spring-expression-3.0.5.RELEASE.jar;d:\mvn-repo\org\springframework\spring-asm\3.0.5.RELEASE\spring-asm-3.0.5.RELEASE.jar;d:\mvn-repo\org\springframework\spring-aop\3.0.5.RELEASE\spring-aop-3.0.5.RELEASE.jar;d:\mvn-repo\aopalliance\aopalliance\1.0\aopalliance-1.0.jar;d:\mvn-repo\org\springframework\spring-tx\3.0.5.RELEASE\spring-tx-3.0.5.RELEASE.jar;d:\mvn-repo\org\apache\camel\camel-scala\2.10.4\camel-scala-2.10.4.jar;d:\mvn-repo\org\apache\camel\camel-cxf\2.8.0-fuse-00-08\camel-cxf-2.8.0-fuse-00-08.jar;d:\mvn-repo\org\apache\camel\camel-cxf-transport\2.8.0-fuse-00-08\camel-cxf-transport-2.8.0-fuse-00-08.jar;d:\mvn-repo\org\apache\cxf\cxf-rt-core\2.4.2-fuse-00-08\cxf-rt-core-2.4.2-fuse-00-08.jar;d:\mvn-repo\org\apache\ws\xmlschema\xmlschema-core\2.0\xmlschema-core-2.0.jar;d:\mvn-repo\org\apache\geronimo\specs\geronimo-javamail_1.4_spec\1.7.1\geronimo-javamail_1.4_spec-1.7.1.jar;d:\mvn-repo\org\apache\cxf\cxf-rt-bindings-soap\2.4.2-fuse-00-08\cxf-rt-bindings-soap-2.4.2-fuse-00-08.jar;d:\mvn-repo\org\apache\cxf\cxf-tools-common\2.4.2-fuse-00-08\cxf-tools-common-2.4.2-fuse-00-08.jar;d:\mvn-repo\wsdl4j\wsdl4j\1.6.2\wsdl4j-1.6.2.jar;d:\mvn-repo\org\apache\cxf\cxf-rt-databinding-jaxb\2.4.2-fuse-00-08\cxf-rt-databinding-jaxb-2.4.2-fuse-00-08.jar;d:\mvn-repo\org\apache\cxf\cxf-rt-frontend-jaxrs\2.4.2-fuse-00-08\cxf-rt-frontend-jaxrs-2.4.2-fuse-00-08.jar;d:\mvn-repo\org\apache\cxf\cxf-common-utilities\2.4.2-fuse-00-08\cxf-common-utilities-2.4.2-fuse-00-08.jar;d:\mvn-repo\org\codehaus\woodstox\woodstox-core-asl\4.1.1\woodstox-core-asl-4.1.1.jar;d:\mvn-repo\org\codehaus\woodstox\stax2-api\3.1.1\stax2-api-3.1.1.jar;d:\mvn-repo\org\apache\cxf\cxf-api\2.4.2-fuse-00-08\cxf-api-2.4.2-fuse-00-08.jar;d:\mvn-repo\org\apache\neethi\neethi\3.0.1\neethi-3.0.1.jar;d:\mvn-repo\javax\ws\rs\jsr311-api\1.1.1\jsr311-api-1.1.1.jar;d:\mvn-repo\org\apache\cxf\cxf-rt-bindings-xml\2.4.2-fuse-00-08\cxf-rt-bindings-xml-2.4.2-fuse-00-08.jar;d:\mvn-repo\org\apache\cxf\cxf-rt-transports-http\2.4.2-fuse-00-08\cxf-rt-transports-http-2.4.2-fuse-00-08.jar;d:\mvn-repo\org\apache\cxf\cxf-rt-transports-common\2.4.2-fuse-00-08\cxf-rt-transports-common-2.4.2-fuse-00-08.jar;d:\mvn-repo\org\springframework\spring-web\3.0.6.RELEASE\spring-web-3.0.6.RELEASE.jar;d:\mvn-repo\org\codehaus\jettison\jettison\1.3\jettison-1.3.jar;d:\mvn-repo\org\apache\cxf\cxf-rt-frontend-jaxws\2.4.2-fuse-00-08\cxf-rt-frontend-jaxws-2.4.2-fuse-00-08.jar;d:\mvn-repo\xml-resolver\xml-resolver\1.2\xml-resolver-1.2.jar;d:\mvn-repo\asm\asm\3.3\asm-3.3.jar;d:\mvn-repo\org\apache\cxf\cxf-rt-frontend-simple\2.4.2-fuse-00-08\cxf-rt-frontend-simple-2.4.2-fuse-00-08.jar;d:\mvn-repo\org\apache\cxf\cxf-rt-ws-addr\2.4.2-fuse-00-08\cxf-rt-ws-addr-2.4.2-fuse-00-08.jar;d:\mvn-repo\org\springframework\spring-core\3.0.5.RELEASE\spring-core-3.0.5.RELEASE.jar;d:\mvn-repo\org\springframework\spring-beans\3.0.5.RELEASE\spring-beans-3.0.5.RELEASE.jar;d:\mvn-repo\org\apache\camel\camel-blueprint\2.8.0-fuse-00-08\camel-blueprint-2.8.0-fuse-00-08.jar;d:\mvn-repo\org\apache\camel\camel-core-xml\2.8.0-fuse-00-08\camel-core-xml-2.8.0-fuse-00-08.jar;d:\mvn-repo\org\apache\camel\camel-core-osgi\2.8.0-fuse-00-08\camel-core-osgi-2.8.0-fuse-00-08.jar;d:\mvn-repo\org\apache\aries\blueprint\org.apache.aries.blueprint\0.3\org.apache.aries.blueprint-0.3.jar;d:\mvn-repo\org\apache\aries\org.apache.aries.util\0.3\org.apache.aries.util-0.3.jar;d:\mvn-repo\org\apache\aries\testsupport\org.apache.aries.testsupport.unit\0.3\org.apache.aries.testsupport.unit-0.3.jar;d:\mvn-repo\org\apache\aries\proxy\org.apache.aries.proxy.api\0.3\org.apache.aries.proxy.api-0.3.jar;d:\mvn-repo\org\apache\camel\camel-ftp\2.8.0-fuse-00-08\camel-ftp-2.8.0-fuse-00-08.jar;d:\mvn-repo\com\jcraft\jsch\0.1.44-1\jsch-0.1.44-1.jar;d:\mvn-repo\commons-net\commons-net\2.2\commons-net-2.2.jar;d:\mvn-repo\org\apache\camel\camel-http\2.8.0-fuse-00-08\camel-http-2.8.0-fuse-00-08.jar;d:\mvn-repo\org\apache\geronimo\specs\geronimo-servlet_2.4_spec\1.1.1\geronimo-servlet_2.4_spec-1.1.1.jar;d:\mvn-repo\commons-httpclient\commons-httpclient\3.1\commons-httpclient-3.1.jar;d:\mvn-repo\commons-codec\commons-codec\1.2\commons-codec-1.2.jar;d:\mvn-repo\org\apache\camel\camel-hawtdb\2.8.0-fuse-00-08\camel-hawtdb-2.8.0-fuse-00-08.jar;d:\mvn-repo\org\fusesource\hawtdb\hawtdb\1.5\hawtdb-1.5.jar;d:\mvn-repo\org\fusesource\hawtbuf\hawtbuf\1.2\hawtbuf-1.2.jar;d:\mvn-repo\org\apache\camel\camel-mina\2.8.0-fuse-00-08\camel-mina-2.8.0-fuse-00-08.jar;d:\mvn-repo\org\apache\mina\mina-core\1.1.7\mina-core-1.1.7.jar;d:\mvn-repo\org\apache\camel\camel-jaxb\2.8.0-fuse-00-08\camel-jaxb-2.8.0-fuse-00-08.jar;d:\mvn-repo\javax\xml\bind\jaxb-api\2.1\jaxb-api-2.1.jar;d:\mvn-repo\javax\xml\stream\stax-api\1.0-2\stax-api-1.0-2.jar;d:\mvn-repo\javax\activation\activation\1.1\activation-1.1.jar;d:\mvn-repo\com\sun\xml\bind\jaxb-impl\2.1.13\jaxb-impl-2.1.13.jar;d:\mvn-repo\org\apache\camel\camel-jdbc\2.8.0-fuse-00-08\camel-jdbc-2.8.0-fuse-00-08.jar;d:\mvn-repo\org\apache\camel\camel-quartz\2.8.0-fuse-00-08\camel-quartz-2.8.0-fuse-00-08.jar;d:\mvn-repo\org\quartz-scheduler\quartz\1.8.4\quartz-1.8.4.jar;d:\mvn-repo\javax\transaction\jta\1.1\jta-1.1.jar;d:\mvn-repo\commons-collections\commons-collections\3.2.1\commons-collections-3.2.1.jar;d:\mvn-repo\org\apache\camel\camel-csv\2.8.0-fuse-00-08\camel-csv-2.8.0-fuse-00-08.jar;d:\mvn-repo\org\apache\servicemix\bundles\org.apache.servicemix.bundles.commons-csv\1.0-r706899_3\org.apache.servicemix.bundles.commons-csv-1.0-r706899_3.jar;d:\mvn-repo\org\apache\camel\camel-bindy\2.8.0-fuse-00-08\camel-bindy-2.8.0-fuse-00-08.jar;d:\mvn-repo\org\apache\camel\camel-jackson\2.8.0-fuse-00-08\camel-jackson-2.8.0-fuse-00-08.jar;d:\mvn-repo\org\codehaus\jackson\jackson-mapper-asl\1.8.4\jackson-mapper-asl-1.8.4.jar;d:\mvn-repo\org\codehaus\jackson\jackson-core-asl\1.8.4\jackson-core-asl-1.8.4.jar;d:\mvn-repo\org\apache\camel\camel-jetty\2.8.0-fuse-00-08\camel-jetty-2.8.0-fuse-00-08.jar;d:\mvn-repo\org\eclipse\jetty\jetty-server\7.4.5.v20110725\jetty-server-7.4.5.v20110725.jar;d:\mvn-repo\javax\servlet\servlet-api\2.5\servlet-api-2.5.jar;d:\mvn-repo\org\eclipse\jetty\jetty-continuation\7.4.5.v20110725\jetty-continuation-7.4.5.v20110725.jar;d:\mvn-repo\org\eclipse\jetty\jetty-http\7.4.5.v20110725\jetty-http-7.4.5.v20110725.jar;d:\mvn-repo\org\eclipse\jetty\jetty-io\7.4.5.v20110725\jetty-io-7.4.5.v20110725.jar;d:\mvn-repo\org\eclipse\jetty\jetty-security\7.4.5.v20110725\jetty-security-7.4.5.v20110725.jar;d:\mvn-repo\org\eclipse\jetty\jetty-servlet\7.4.5.v20110725\jetty-servlet-7.4.5.v20110725.jar;d:\mvn-repo\org\eclipse\jetty\jetty-servlets\7.4.5.v20110725\jetty-servlets-7.4.5.v20110725.jar;d:\mvn-repo\org\eclipse\jetty\jetty-util\7.4.5.v20110725\jetty-util-7.4.5.v20110725.jar;d:\mvn-repo\org\eclipse\jetty\jetty-client\7.4.5.v20110725\jetty-client-7.4.5.v20110725.jar;d:\mvn-repo\org\eclipse\jetty\jetty-jmx\7.4.5.v20110725\jetty-jmx-7.4.5.v20110725.jar;d:\mvn-repo\org\apache\camel\camel-jpa\2.8.0-fuse-00-08\camel-jpa-2.8.0-fuse-00-08.jar;d:\mvn-repo\org\springframework\spring-jdbc\3.0.5.RELEASE\spring-jdbc-3.0.5.RELEASE.jar;d:\mvn-repo\org\springframework\spring-orm\3.0.5.RELEASE\spring-orm-3.0.5.RELEASE.jar;d:\mvn-repo\org\apache\camel\camel-velocity\2.8.0-fuse-00-08\camel-velocity-2.8.0-fuse-00-08.jar;d:\mvn-repo\org\apache\velocity\velocity\1.7\velocity-1.7.jar;d:\mvn-repo\commons-lang\commons-lang\2.4\commons-lang-2.4.jar;d:\mvn-repo\org\apache\camel\camel-jms\2.8.0-fuse-00-08\camel-jms-2.8.0-fuse-00-08.jar;d:\mvn-repo\org\springframework\spring-jms\3.0.5.RELEASE\spring-jms-3.0.5.RELEASE.jar;d:\mvn-repo\org\apache\camel\camel-stream\2.8.0-fuse-00-08\camel-stream-2.8.0-fuse-00-08.jar;d:\mvn-repo\org\apache\camel\camel-test\2.8.0-fuse-00-08\camel-test-2.8.0-fuse-00-08.jar;d:\mvn-repo\org\apache\activemq\activemq-core\5.5.1-fuse-08-15\activemq-core-5.5.1-fuse-08-15.jar;d:\mvn-repo\org\apache\geronimo\specs\geronimo-jms_1.1_spec\1.1.1\geronimo-jms_1.1_spec-1.1.1.jar;d:\mvn-repo\org\apache\activemq\activeio-core\3.1.2\activeio-core-3.1.2.jar;d:\mvn-repo\org\apache\activemq\kahadb\5.5.1-fuse-08-15\kahadb-5.5.1-fuse-08-15.jar;d:\mvn-repo\org\apache\activemq\protobuf\activemq-protobuf\1.1\activemq-protobuf-1.1.jar;d:\mvn-repo\org\osgi\org.osgi.core\4.1.0\org.osgi.core-4.1.0.jar;d:\mvn-repo\org\apache\geronimo\specs\geronimo-j2ee-management_1.1_spec\1.0.1\geronimo-j2ee-management_1.1_spec-1.0.1.jar;d:\mvn-repo\org\jasypt\jasypt\1.7\jasypt-1.7.jar;d:\mvn-repo\org\apache\activemq\activemq-camel\5.5.1-fuse-08-15\activemq-camel-5.5.1-fuse-08-15.jar;d:\mvn-repo\org\apache\activemq\activemq-pool\5.5.1-fuse-08-15\activemq-pool-5.5.1-fuse-08-15.jar;d:\mvn-repo\org\apache\geronimo\specs\geronimo-jta_1.0.1B_spec\1.0.1\geronimo-jta_1.0.1B_spec-1.0.1.jar;d:\mvn-repo\commons-pool\commons-pool\1.5.4\commons-pool-1.5.4.jar;d:\mvn-repo\org\apache\xbean\xbean-spring\3.12\xbean-spring-3.12.jar;d:\mvn-repo\commons-logging\commons-logging\1.0.3\commons-logging-1.0.3.jar;d:\mvn-repo\hsqldb\hsqldb\1.8.0.10\hsqldb-1.8.0.10.jar;d:\mvn-repo\org\slf4j\slf4j-api\1.6.6\slf4j-api-1.6.6.jar;d:\mvn-repo\org\slf4j\slf4j-log4j12\1.6.6\slf4j-log4j12-1.6.6.jar;d:\mvn-repo\log4j\log4j\1.2.17\log4j-1.2.17.jar;"/>
    <property name="java.vm.specification.version" value="1.0"/>
    <property name="sun.arch.data.model" value="32"/>
    <property name="java.home" value="C:\jdk1.6.0_27\jre"/>
    <property name="sun.java.command" value="D:\workspace-indigo-aia\aia-core\aia-core-transform\target\surefire\surefirebooter531714556863702886.jar D:\workspace-indigo-aia\aia-core\aia-core-transform\target\surefire\surefire6319647531634029516tmp D:\workspace-indigo-aia\aia-core\aia-core-transform\target\surefire\surefire8850066582855696658tmp"/>
    <property name="java.specification.vendor" value="Sun Microsystems Inc."/>
    <property name="user.language" value="en"/>
    <property name="awt.toolkit" value="sun.awt.windows.WToolkit"/>
    <property name="java.vm.info" value="mixed mode, sharing"/>
    <property name="java.version" value="1.6.0_27"/>
    <property name="java.ext.dirs" value="C:\jdk1.6.0_27\jre\lib\ext;C:\Windows\Sun\Java\lib\ext"/>
    <property name="sun.boot.class.path" value="C:\jdk1.6.0_27\jre\lib\resources.jar;C:\jdk1.6.0_27\jre\lib\rt.jar;C:\jdk1.6.0_27\jre\lib\sunrsasign.jar;C:\jdk1.6.0_27\jre\lib\jsse.jar;C:\jdk1.6.0_27\jre\lib\jce.jar;C:\jdk1.6.0_27\jre\lib\charsets.jar;C:\jdk1.6.0_27\jre\lib\modules\jdk.boot.jar;C:\jdk1.6.0_27\jre\classes"/>
    <property name="java.vendor" value="Sun Microsystems Inc."/>
    <property name="localRepository" value="d:\mvn-repo"/>
    <property name="file.separator" value="\"/>
    <property name="java.vendor.url.bug" value="http://java.sun.com/cgi-bin/bugreport.cgi"/>
    <property name="sun.cpu.endian" value="little"/>
    <property name="sun.io.unicode.encoding" value="UnicodeLittle"/>
    <property name="sun.desktop" value="windows"/>
    <property name="sun.cpu.isalist" value="pentium_pro+mmx pentium_pro pentium+mmx pentium i486 i386 i86"/>
  </properties>
  <testcase time="0.002" classname="com.acn.aia.core.transform.api.AppTest" name="testApp"/>
</testsuite>